<?xml version="1.0" encoding="UTF-8"?>
<testng-results skipped="0" failed="0" total="2" passed="2">
  <reporter-output>
  </reporter-output>
  <suite name="Suite" duration-ms="95" started-at="2017-04-15T06:42:59Z" finished-at="2017-04-15T06:43:00Z">
    <groups>
    </groups>
    <test name="Test" duration-ms="95" started-at="2017-04-15T06:42:59Z" finished-at="2017-04-15T06:43:00Z">
      <class name="myMavenPack.myMavenClass">
        <test-method status="PASS" signature="printdata()[pri:0, instance:myMavenPack.myMavenClass@50cbc42f]" name="printdata" duration-ms="31" started-at="2017-04-15T12:12:59Z" finished-at="2017-04-15T12:13:00Z">
          <reporter-output>
          </reporter-output>
        </test-method> <!-- printdata -->
        <test-method status="PASS" signature="printdata1()[pri:0, instance:myMavenPack.myMavenClass@50cbc42f]" name="printdata1" duration-ms="3" started-at="2017-04-15T12:13:00Z" finished-at="2017-04-15T12:13:00Z">
          <reporter-output>
          </reporter-output>
        </test-method> <!-- printdata1 -->
      </class> <!-- myMavenPack.myMavenClass -->
    </test> <!-- Test -->
  </suite> <!-- Suite -->
</testng-results>
